<?xml version="1.0" encoding="UTF-8"?>
<!-- Generated by org.testng.reporters.JUnitXMLReporter -->
<testsuite ignored="2" hostname="DESKTOP-4LTNLGB" failures="0" tests="1" name="Test-1" time="14.235" errors="0" timestamp="2025-07-25T14:54:05 IST">
  <testcase classname="com.vtiger.testngwithbaseclass.CreateOrgWithBaseClassTest" name="createOrgTest" time="8.432"/>
  <testcase classname="com.vtiger.testngwithbaseclass.CreateOrgWithBaseClassTest" name="createOrgWithPhoneTest" time="0.0">
    <ignored/>
  </testcase> <!-- createOrgWithPhoneTest -->
  <testcase classname="com.vtiger.testngwithbaseclass.CreateOrgWithBaseClassTest" name="deleteOrgTest" time="0.0">
    <ignored/>
  </testcase> <!-- deleteOrgTest -->
</testsuite> <!-- Test-1 -->
