<?xml version="1.0" encoding="UTF-8"?>
<!-- Generated by org.testng.reporters.JUnitXMLReporter -->
<testsuite ignored="1" hostname="DESKTOP-4LTNLGB" failures="0" tests="1" name="Test-2" time="14.263" errors="0" timestamp="2025-07-25T14:54:05 IST">
  <testcase classname="com.vtiger.testngwithbaseclass.CreateContactWithBaseClassTest" name="createContactTest" time="8.31"/>
  <testcase classname="com.vtiger.testngwithbaseclass.CreateContactWithBaseClassTest" name="createContactWithDeptPhoneTest" time="0.0">
    <ignored/>
  </testcase> <!-- createContactWithDeptPhoneTest -->
</testsuite> <!-- Test-2 -->
