<?xml version="1.0" encoding="UTF-8"?>
<!-- Generated by org.testng.reporters.JUnitReportReporter -->
<testsuite hostname="DESKTOP-4LTNLGB" failures="0" tests="1" name="com.TestNG.Assertion.CreateOrganizationTest" time="31.199" errors="0" timestamp="2025-07-30T17:11:59 IST" skipped="0">
  <testcase classname="com.TestNG.Assertion.CreateOrganizationTest" name="createOrganization" time="31.199"/>
  <system-out/>
</testsuite> <!-- com.TestNG.Assertion.CreateOrganizationTest -->
