<?xml version="1.0" encoding="UTF-8"?>
<!-- Generated by org.testng.reporters.JUnitReportReporter -->
<testsuite hostname="DESKTOP-4LTNLGB" failures="0" tests="3" name="com.TestNG.DataProvider.HandelingWithMultipleData" time="0.010" errors="0" timestamp="2025-07-31T16:56:17 IST" skipped="0">
  <testcase classname="com.TestNG.DataProvider.HandelingWithMultipleData" name="createMobileTest" time="0.001"/>
  <system-out/>
  <testcase classname="com.TestNG.DataProvider.HandelingWithMultipleData" name="createMobileTest" time="0.008"/>
  <system-out/>
  <testcase classname="com.TestNG.DataProvider.HandelingWithMultipleData" name="createMobileTest" time="0.001"/>
  <system-out/>
</testsuite> <!-- com.TestNG.DataProvider.HandelingWithMultipleData -->
