<?xml version="1.0" encoding="UTF-8"?>
<!-- Generated by org.testng.reporters.JUnitReportReporter -->
<testsuite hostname="DESKTOP-4LTNLGB" failures="0" tests="10" name="com.TestNG.Practices.DataDrivenTekPyramidWithExcel" time="0.021" errors="0" timestamp="2025-07-24T17:31:10 IST" skipped="0">
  <testcase classname="com.TestNG.Practices.DataDrivenTekPyramidWithExcel" name="getDataFromExcelTest" time="0.001"/>
  <system-out/>
  <testcase classname="com.TestNG.Practices.DataDrivenTekPyramidWithExcel" name="getDataFromExcelTest" time="0.011"/>
  <system-out/>
  <testcase classname="com.TestNG.Practices.DataDrivenTekPyramidWithExcel" name="getDataFromExcelTest" time="0.002"/>
  <system-out/>
  <testcase classname="com.TestNG.Practices.DataDrivenTekPyramidWithExcel" name="getDataFromExcelTest" time="0.001"/>
  <system-out/>
  <testcase classname="com.TestNG.Practices.DataDrivenTekPyramidWithExcel" name="getDataFromExcelTest" time="0.001"/>
  <system-out/>
  <testcase classname="com.TestNG.Practices.DataDrivenTekPyramidWithExcel" name="getDataFromExcelTest" time="0.001"/>
  <system-out/>
  <testcase classname="com.TestNG.Practices.DataDrivenTekPyramidWithExcel" name="getDataFromExcelTest" time="0.001"/>
  <system-out/>
  <testcase classname="com.TestNG.Practices.DataDrivenTekPyramidWithExcel" name="getDataFromExcelTest" time="0.001"/>
  <system-out/>
  <testcase classname="com.TestNG.Practices.DataDrivenTekPyramidWithExcel" name="getDataFromExcelTest" time="0.001"/>
  <system-out/>
  <testcase classname="com.TestNG.Practices.DataDrivenTekPyramidWithExcel" name="getDataFromExcelTest" time="0.001"/>
  <system-out/>
</testsuite> <!-- com.TestNG.Practices.DataDrivenTekPyramidWithExcel -->
