<?xml version="1.0" encoding="UTF-8"?>
<!-- Generated by org.testng.reporters.JUnitReportReporter -->
<testsuite hostname="DESKTOP-4LTNLGB" failures="0" tests="3" name="com.TestNG.Practices.DataDrivenAmazonWithExcel" time="24.656" errors="0" timestamp="2025-07-23T16:59:06 IST" skipped="0">
  <testcase classname="com.TestNG.Practices.DataDrivenAmazonWithExcel" name="getProduct" time="5.016"/>
  <system-out/>
  <testcase classname="com.TestNG.Practices.DataDrivenAmazonWithExcel" name="getProduct" time="14.813"/>
  <system-out/>
  <testcase classname="com.TestNG.Practices.DataDrivenAmazonWithExcel" name="getProduct" time="4.827"/>
  <system-out/>
</testsuite> <!-- com.TestNG.Practices.DataDrivenAmazonWithExcel -->
