<?xml version="1.0" encoding="UTF-8"?>
<!-- Generated by org.testng.reporters.JUnitReportReporter -->
<testsuite hostname="DESKTOP-4LTNLGB" failures="0" tests="3" name="com.TestNG.Practices.DataDrivenTesting" time="0.013" errors="0" timestamp="2025-07-23T14:48:56 IST" skipped="0">
  <testcase classname="com.TestNG.Practices.DataDrivenTesting" name="CreateContact" time="0.011"/>
  <system-out/>
  <testcase classname="com.TestNG.Practices.DataDrivenTesting" name="CreateContact" time="0.001"/>
  <system-out/>
  <testcase classname="com.TestNG.Practices.DataDrivenTesting" name="CreateContact" time="0.001"/>
  <system-out/>
</testsuite> <!-- com.TestNG.Practices.DataDrivenTesting -->
