<?xml version="1.0" encoding="UTF-8"?>
<!-- Generated by org.testng.reporters.JUnitReportReporter -->
<testsuite hostname="DESKTOP-4LTNLGB" failures="0" tests="3" name="com.TestNG.Practices.DataDrivenWithAmazon" time="36.457" errors="0" timestamp="2025-07-23T15:36:11 IST" skipped="0">
  <testcase classname="com.TestNG.Practices.DataDrivenWithAmazon" name="createProduct" time="12.250"/>
  <system-out/>
  <testcase classname="com.TestNG.Practices.DataDrivenWithAmazon" name="createProduct" time="11.882"/>
  <system-out/>
  <testcase classname="com.TestNG.Practices.DataDrivenWithAmazon" name="createProduct" time="12.325"/>
  <system-out/>
</testsuite> <!-- com.TestNG.Practices.DataDrivenWithAmazon -->
