<?xml version="1.0" encoding="UTF-8"?>
<!-- Generated by org.testng.reporters.JUnitReportReporter -->
<testsuite hostname="DESKTOP-4LTNLGB" failures="0" tests="3" name="com.vtiger.testngwithbaseclass.CreateOrgWithBaseClassTest" time="43.671" errors="0" timestamp="2025-07-25T15:27:13 IST" skipped="0">
  <testcase classname="com.vtiger.testngwithbaseclass.CreateOrgWithBaseClassTest" name="deleteOrgTest" time="12.827"/>
  <system-out/>
  <testcase classname="com.vtiger.testngwithbaseclass.CreateOrgWithBaseClassTest" name="createOrgWithPhoneTest" time="17.034"/>
  <system-out/>
  <testcase classname="com.vtiger.testngwithbaseclass.CreateOrgWithBaseClassTest" name="createOrgTest" time="13.810"/>
  <system-out/>
</testsuite> <!-- com.vtiger.testngwithbaseclass.CreateOrgWithBaseClassTest -->
