<?xml version="1.0" encoding="UTF-8"?>
<!-- Generated by org.testng.reporters.JUnitReportReporter -->
<testsuite hostname="DESKTOP-4LTNLGB" failures="0" tests="1" name="com.TestNG.Screenshots.TakesScreenshotUsingTestNG" time="5.259" errors="0" timestamp="2025-07-28T16:10:00 IST" skipped="0">
  <testcase classname="com.TestNG.Screenshots.TakesScreenshotUsingTestNG" name="screenshotAmazon" time="5.259"/>
  <system-out/>
</testsuite> <!-- com.TestNG.Screenshots.TakesScreenshotUsingTestNG -->
